Determining if the pthread_create exist failed with the following output:
Change Dir: /home/nvidia/catkin_ws/src/navigation/map_server/CMakeFiles/CMakeTmp

Run Build Command:"/usr/bin/make" "cmTC_09b19/fast"
/usr/bin/make -f CMakeFiles/cmTC_09b19.dir/build.make CMakeFiles/cmTC_09b19.dir/build
make[1]: Entering directory '/home/nvidia/catkin_ws/src/navigation/map_server/CMakeFiles/CMakeTmp'
Building C object CMakeFiles/cmTC_09b19.dir/CheckSymbolExists.c.o
/usr/bin/cc    -o CMakeFiles/cmTC_09b19.dir/CheckSymbolExists.c.o   -c /home/nvidia/catkin_ws/src/navigation/map_server/CMakeFiles/CMakeTmp/CheckSymbolExists.c
Linking C executable cmTC_09b19
/usr/bin/cmake -E cmake_link_script CMakeFiles/cmTC_09b19.dir/link.txt --verbose=1
/usr/bin/cc      -rdynamic CMakeFiles/cmTC_09b19.dir/CheckSymbolExists.c.o  -o cmTC_09b19 
CMakeFiles/cmTC_09b19.dir/CheckSymbolExists.c.o: In function `main':
CheckSymbolExists.c:(.text+0x14): undefined reference to `pthread_create'
CheckSymbolExists.c:(.text+0x18): undefined reference to `pthread_create'
collect2: error: ld returned 1 exit status
CMakeFiles/cmTC_09b19.dir/build.make:97: recipe for target 'cmTC_09b19' failed
make[1]: *** [cmTC_09b19] Error 1
make[1]: Leaving directory '/home/nvidia/catkin_ws/src/navigation/map_server/CMakeFiles/CMakeTmp'
Makefile:126: recipe for target 'cmTC_09b19/fast' failed
make: *** [cmTC_09b19/fast] Error 2

File /home/nvidia/catkin_ws/src/navigation/map_server/CMakeFiles/CMakeTmp/CheckSymbolExists.c:
/* */
#include <pthread.h>

int main(int argc, char** argv)
{
  (void)argv;
#ifndef pthread_create
  return ((int*)(&pthread_create))[argc];
#else
  (void)argc;
  return 0;
#endif
}

Determining if the function pthread_create exists in the pthreads failed with the following output:
Change Dir: /home/nvidia/catkin_ws/src/navigation/map_server/CMakeFiles/CMakeTmp

Run Build Command:"/usr/bin/make" "cmTC_c5af4/fast"
/usr/bin/make -f CMakeFiles/cmTC_c5af4.dir/build.make CMakeFiles/cmTC_c5af4.dir/build
make[1]: Entering directory '/home/nvidia/catkin_ws/src/navigation/map_server/CMakeFiles/CMakeTmp'
Building C object CMakeFiles/cmTC_c5af4.dir/CheckFunctionExists.c.o
/usr/bin/cc   -DCHECK_FUNCTION_EXISTS=pthread_create   -o CMakeFiles/cmTC_c5af4.dir/CheckFunctionExists.c.o   -c /usr/share/cmake-3.10/Modules/CheckFunctionExists.c
Linking C executable cmTC_c5af4
/usr/bin/cmake -E cmake_link_script CMakeFiles/cmTC_c5af4.dir/link.txt --verbose=1
/usr/bin/cc  -DCHECK_FUNCTION_EXISTS=pthread_create    -rdynamic CMakeFiles/cmTC_c5af4.dir/CheckFunctionExists.c.o  -o cmTC_c5af4 -lpthreads 
/usr/bin/ld: cannot find -lpthreads
collect2: error: ld returned 1 exit status
CMakeFiles/cmTC_c5af4.dir/build.make:97: recipe for target 'cmTC_c5af4' failed
make[1]: *** [cmTC_c5af4] Error 1
make[1]: Leaving directory '/home/nvidia/catkin_ws/src/navigation/map_server/CMakeFiles/CMakeTmp'
Makefile:126: recipe for target 'cmTC_c5af4/fast' failed
make: *** [cmTC_c5af4/fast] Error 2


